# JRE version: OpenJDK Runtime Environment Temurin-17.0.10+7 (17.0.10+7) (build 17.0.10+7)
# Java VM: OpenJDK 64-Bit Server VM Temurin-17.0.10+7 (17.0.10+7, mixed mode, tiered, compressed oops, compressed class ptrs, parallel gc, windows-amd64)
GC Precious Log:
 CPUs: 8 total, 8 available
 Memory: 8078M
 Large Page Support: Disabled
 NUMA Support: Disabled
 Compressed Oops: Enabled (32-bit)
 Alignments: Space 512K, Generation 512K, Heap 2M
 Heap Min Capacity: 100M
 Heap Initial Capacity: 100M
 Heap Max Capacity: 1G
 Pre-touch: Disabled
 Parallel Workers: 8
Heap:
 PSYoungGen      total 52736K, used 24194K [0x00000000eab00000, 0x00000000ef580000, 0x0000000100000000)
  eden space 43520K, 34% used [0x00000000eab00000,0x00000000eb9a1408,0x00000000ed580000)
  from space 9216K, 99% used [0x00000000ed580000,0x00000000ede7f520,0x00000000ede80000)
  to   space 15360K, 0% used [0x00000000ee680000,0x00000000ee680000,0x00000000ef580000)
 ParOldGen       total 312320K, used 289201K [0x00000000c0000000, 0x00000000d3100000, 0x00000000eab00000)
  object space 312320K, 92% used [0x00000000c0000000,0x00000000d1a6c7a0,0x00000000d3100000)
 Metaspace       used 65647K, committed 66880K, reserved 1114112K
  class space    used 7508K, committed 8064K, reserved 1048576K
GC Heap History (20 events):
Event: 16.235 GC heap before
{Heap before GC invocations=110 (full 9):
 PSYoungGen      total 38400K, used 38356K [0x00000000eab00000, 0x00000000edd00000, 0x0000000100000000)
  eden space 28160K, 100% used [0x00000000eab00000,0x00000000ec680000,0x00000000ec680000)
  from space 10240K, 99% used [0x00000000ed180000,0x00000000edb75230,0x00000000edb80000)
  to   space 11264K, 0% used [0x00000000ec680000,0x00000000ec680000,0x00000000ed180000)
 ParOldGen       total 262656K, used 239102K [0x00000000c0000000, 0x00000000d0080000, 0x00000000eab00000)
  object space 262656K, 91% used [0x00000000c0000000,0x00000000ce97f980,0x00000000d0080000)
 Metaspace       used 57927K, committed 58944K, reserved 1114112K
  class space    used 6371K, committed 6784K, reserved 1048576K
}
Event: 16.245 GC heap after
{Heap after GC invocations=110 (full 9):
 PSYoungGen      total 39424K, used 11253K [0x00000000eab00000, 0x00000000eec00000, 0x0000000100000000)
  eden space 28160K, 0% used [0x00000000eab00000,0x00000000eab00000,0x00000000ec680000)
  from space 11264K, 99% used [0x00000000ec680000,0x00000000ed17d540,0x00000000ed180000)
  to   space 17920K, 0% used [0x00000000eda80000,0x00000000eda80000,0x00000000eec00000)
 ParOldGen       total 262656K, used 244102K [0x00000000c0000000, 0x00000000d0080000, 0x00000000eab00000)
  object space 262656K, 92% used [0x00000000c0000000,0x00000000cee61878,0x00000000d0080000)
 Metaspace       used 57927K, committed 58944K, reserved 1114112K
  class space    used 6371K, committed 6784K, reserved 1048576K
}
Event: 16.321 GC heap before
{Heap before GC invocations=111 (full 9):
 PSYoungGen      total 39424K, used 39413K [0x00000000eab00000, 0x00000000eec00000, 0x0000000100000000)
  eden space 28160K, 100% used [0x00000000eab00000,0x00000000ec680000,0x00000000ec680000)
  from space 11264K, 99% used [0x00000000ec680000,0x00000000ed17d540,0x00000000ed180000)
  to   space 17920K, 0% used [0x00000000eda80000,0x00000000eda80000,0x00000000eec00000)
 ParOldGen       total 262656K, used 244102K [0x00000000c0000000, 0x00000000d0080000, 0x00000000eab00000)
  object space 262656K, 92% used [0x00000000c0000000,0x00000000cee61878,0x00000000d0080000)
 Metaspace       used 58063K, committed 59136K, reserved 1114112K
  class space    used 6390K, committed 6848K, reserved 1048576K
}
Event: 16.336 GC heap after
{Heap after GC invocations=111 (full 9):
 PSYoungGen      total 43008K, used 12065K [0x00000000eab00000, 0x00000000ee680000, 0x0000000100000000)
  eden space 30720K, 0% used [0x00000000eab00000,0x00000000eab00000,0x00000000ec900000)
  from space 12288K, 98% used [0x00000000eda80000,0x00000000ee648640,0x00000000ee680000)
  to   space 13824K, 0% used [0x00000000ecb80000,0x00000000ecb80000,0x00000000ed900000)
 ParOldGen       total 262656K, used 250640K [0x00000000c0000000, 0x00000000d0080000, 0x00000000eab00000)
  object space 262656K, 95% used [0x00000000c0000000,0x00000000cf4c41f8,0x00000000d0080000)
 Metaspace       used 58063K, committed 59136K, reserved 1114112K
  class space    used 6390K, committed 6848K, reserved 1048576K
}
Event: 16.385 GC heap before
{Heap before GC invocations=112 (full 9):
 PSYoungGen      total 43008K, used 42785K [0x00000000eab00000, 0x00000000ee680000, 0x0000000100000000)
  eden space 30720K, 100% used [0x00000000eab00000,0x00000000ec900000,0x00000000ec900000)
  from space 12288K, 98% used [0x00000000eda80000,0x00000000ee648640,0x00000000ee680000)
  to   space 13824K, 0% used [0x00000000ecb80000,0x00000000ecb80000,0x00000000ed900000)
 ParOldGen       total 262656K, used 250640K [0x00000000c0000000, 0x00000000d0080000, 0x00000000eab00000)
  object space 262656K, 95% used [0x00000000c0000000,0x00000000cf4c41f8,0x00000000d0080000)
 Metaspace       used 58185K, committed 59200K, reserved 1114112K
  class space    used 6406K, committed 6848K, reserved 1048576K
}
Event: 16.395 GC heap after
{Heap after GC invocations=112 (full 9):
 PSYoungGen      total 47104K, used 13797K [0x00000000eab00000, 0x00000000efb00000, 0x0000000100000000)
  eden space 33280K, 0% used [0x00000000eab00000,0x00000000eab00000,0x00000000ecb80000)
  from space 13824K, 99% used [0x00000000ecb80000,0x00000000ed8f95c0,0x00000000ed900000)
  to   space 24064K, 0% used [0x00000000ee380000,0x00000000ee380000,0x00000000efb00000)
 ParOldGen       total 262656K, used 259003K [0x00000000c0000000, 0x00000000d0080000, 0x00000000eab00000)
  object space 262656K, 98% used [0x00000000c0000000,0x00000000cfceedd8,0x00000000d0080000)
 Metaspace       used 58185K, committed 59200K, reserved 1114112K
  class space    used 6406K, committed 6848K, reserved 1048576K
}
Event: 16.395 GC heap before
{Heap before GC invocations=113 (full 10):
 PSYoungGen      total 47104K, used 13797K [0x00000000eab00000, 0x00000000efb00000, 0x0000000100000000)
  eden space 33280K, 0% used [0x00000000eab00000,0x00000000eab00000,0x00000000ecb80000)
  from space 13824K, 99% used [0x00000000ecb80000,0x00000000ed8f95c0,0x00000000ed900000)
  to   space 24064K, 0% used [0x00000000ee380000,0x00000000ee380000,0x00000000efb00000)
 ParOldGen       total 262656K, used 259003K [0x00000000c0000000, 0x00000000d0080000, 0x00000000eab00000)
  object space 262656K, 98% used [0x00000000c0000000,0x00000000cfceedd8,0x00000000d0080000)
 Metaspace       used 58185K, committed 59200K, reserved 1114112K
  class space    used 6406K, committed 6848K, reserved 1048576K
}
Event: 16.662 GC heap after
{Heap after GC invocations=113 (full 10):
 PSYoungGen      total 47104K, used 7769K [0x00000000eab00000, 0x00000000efd80000, 0x0000000100000000)
  eden space 33280K, 0% used [0x00000000eab00000,0x00000000eab00000,0x00000000ecb80000)
  from space 13824K, 56% used [0x00000000ecb80000,0x00000000ed316670,0x00000000ed900000)
  to   space 24064K, 0% used [0x00000000ee600000,0x00000000ee600000,0x00000000efd80000)
 ParOldGen       total 312320K, used 262581K [0x00000000c0000000, 0x00000000d3100000, 0x00000000eab00000)
  object space 312320K, 84% used [0x00000000c0000000,0x00000000d006d480,0x00000000d3100000)
 Metaspace       used 58185K, committed 59200K, reserved 1114112K
  class space    used 6406K, committed 6848K, reserved 1048576K
}
Event: 16.736 GC heap before
{Heap before GC invocations=114 (full 10):
 PSYoungGen      total 47104K, used 41049K [0x00000000eab00000, 0x00000000efd80000, 0x0000000100000000)
  eden space 33280K, 100% used [0x00000000eab00000,0x00000000ecb80000,0x00000000ecb80000)
  from space 13824K, 56% used [0x00000000ecb80000,0x00000000ed316670,0x00000000ed900000)
  to   space 24064K, 0% used [0x00000000ee600000,0x00000000ee600000,0x00000000efd80000)
 ParOldGen       total 312320K, used 262581K [0x00000000c0000000, 0x00000000d3100000, 0x00000000eab00000)
  object space 312320K, 84% used [0x00000000c0000000,0x00000000d006d480,0x00000000d3100000)
 Metaspace       used 58540K, committed 59584K, reserved 1114112K
  class space    used 6452K, committed 6912K, reserved 1048576K
}
Event: 16.764 GC heap after
{Heap after GC invocations=114 (full 10):
 PSYoungGen      total 51200K, used 15074K [0x00000000eab00000, 0x00000000ef500000, 0x0000000100000000)
  eden space 35840K, 0% used [0x00000000eab00000,0x00000000eab00000,0x00000000ece00000)
  from space 15360K, 98% used [0x00000000ee600000,0x00000000ef4b8a58,0x00000000ef500000)
  to   space 17920K, 0% used [0x00000000ed200000,0x00000000ed200000,0x00000000ee380000)
 ParOldGen       total 312320K, used 267021K [0x00000000c0000000, 0x00000000d3100000, 0x00000000eab00000)
  object space 312320K, 85% used [0x00000000c0000000,0x00000000d04c3720,0x00000000d3100000)
 Metaspace       used 58540K, committed 59584K, reserved 1114112K
  class space    used 6452K, committed 6912K, reserved 1048576K
}
Event: 24.410 GC heap before
{Heap before GC invocations=115 (full 10):
 PSYoungGen      total 51200K, used 50914K [0x00000000eab00000, 0x00000000ef500000, 0x0000000100000000)
  eden space 35840K, 100% used [0x00000000eab00000,0x00000000ece00000,0x00000000ece00000)
  from space 15360K, 98% used [0x00000000ee600000,0x00000000ef4b8a58,0x00000000ef500000)
  to   space 17920K, 0% used [0x00000000ed200000,0x00000000ed200000,0x00000000ee380000)
 ParOldGen       total 312320K, used 267021K [0x00000000c0000000, 0x00000000d3100000, 0x00000000eab00000)
  object space 312320K, 85% used [0x00000000c0000000,0x00000000d04c3720,0x00000000d3100000)
 Metaspace       used 58595K, committed 59648K, reserved 1114112K
  class space    used 6453K, committed 6912K, reserved 1048576K
}
Event: 24.417 GC heap after
{Heap after GC invocations=115 (full 10):
 PSYoungGen      total 56320K, used 17912K [0x00000000eab00000, 0x00000000ef880000, 0x0000000100000000)
  eden space 38400K, 0% used [0x00000000eab00000,0x00000000eab00000,0x00000000ed080000)
  from space 17920K, 99% used [0x00000000ed200000,0x00000000ee37e0d8,0x00000000ee380000)
  to   space 20480K, 0% used [0x00000000ee480000,0x00000000ee480000,0x00000000ef880000)
 ParOldGen       total 312320K, used 268434K [0x00000000c0000000, 0x00000000d3100000, 0x00000000eab00000)
  object space 312320K, 85% used [0x00000000c0000000,0x00000000d0624ac0,0x00000000d3100000)
 Metaspace       used 58595K, committed 59648K, reserved 1114112K
  class space    used 6453K, committed 6912K, reserved 1048576K
}
Event: 24.776 GC heap before
{Heap before GC invocations=116 (full 10):
 PSYoungGen      total 56320K, used 56312K [0x00000000eab00000, 0x00000000ef880000, 0x0000000100000000)
  eden space 38400K, 100% used [0x00000000eab00000,0x00000000ed080000,0x00000000ed080000)
  from space 17920K, 99% used [0x00000000ed200000,0x00000000ee37e0d8,0x00000000ee380000)
  to   space 20480K, 0% used [0x00000000ee480000,0x00000000ee480000,0x00000000ef880000)
 ParOldGen       total 312320K, used 268434K [0x00000000c0000000, 0x00000000d3100000, 0x00000000eab00000)
  object space 312320K, 85% used [0x00000000c0000000,0x00000000d0624ac0,0x00000000d3100000)
 Metaspace       used 62020K, committed 63040K, reserved 1114112K
  class space    used 7060K, committed 7488K, reserved 1048576K
}
Event: 24.785 GC heap after
{Heap after GC invocations=116 (full 10):
 PSYoungGen      total 46592K, used 5223K [0x00000000eab00000, 0x00000000eea00000, 0x0000000100000000)
  eden space 40960K, 0% used [0x00000000eab00000,0x00000000eab00000,0x00000000ed300000)
  from space 5632K, 92% used [0x00000000ee480000,0x00000000ee999f50,0x00000000eea00000)
  to   space 10752K, 0% used [0x00000000ed500000,0x00000000ed500000,0x00000000edf80000)
 ParOldGen       total 312320K, used 282232K [0x00000000c0000000, 0x00000000d3100000, 0x00000000eab00000)
  object space 312320K, 90% used [0x00000000c0000000,0x00000000d139e3d0,0x00000000d3100000)
 Metaspace       used 62020K, committed 63040K, reserved 1114112K
  class space    used 7060K, committed 7488K, reserved 1048576K
}
Event: 25.897 GC heap before
{Heap before GC invocations=117 (full 10):
 PSYoungGen      total 46592K, used 46183K [0x00000000eab00000, 0x00000000eea00000, 0x0000000100000000)
  eden space 40960K, 100% used [0x00000000eab00000,0x00000000ed300000,0x00000000ed300000)
  from space 5632K, 92% used [0x00000000ee480000,0x00000000ee999f50,0x00000000eea00000)
  to   space 10752K, 0% used [0x00000000ed500000,0x00000000ed500000,0x00000000edf80000)
 ParOldGen       total 312320K, used 282232K [0x00000000c0000000, 0x00000000d3100000, 0x00000000eab00000)
  object space 312320K, 90% used [0x00000000c0000000,0x00000000d139e3d0,0x00000000d3100000)
 Metaspace       used 64473K, committed 65600K, reserved 1114112K
  class space    used 7377K, committed 7872K, reserved 1048576K
}
Event: 25.901 GC heap after
{Heap after GC invocations=117 (full 10):
 PSYoungGen      total 49152K, used 5917K [0x00000000eab00000, 0x00000000ee500000, 0x0000000100000000)
  eden space 43008K, 0% used [0x00000000eab00000,0x00000000eab00000,0x00000000ed500000)
  from space 6144K, 96% used [0x00000000ed500000,0x00000000edac76a0,0x00000000edb00000)
  to   space 6656K, 0% used [0x00000000ede80000,0x00000000ede80000,0x00000000ee500000)
 ParOldGen       total 312320K, used 282240K [0x00000000c0000000, 0x00000000d3100000, 0x00000000eab00000)
  object space 312320K, 90% used [0x00000000c0000000,0x00000000d13a03d0,0x00000000d3100000)
 Metaspace       used 64473K, committed 65600K, reserved 1114112K
  class space    used 7377K, committed 7872K, reserved 1048576K
}
Event: 26.111 GC heap before
{Heap before GC invocations=118 (full 10):
 PSYoungGen      total 49152K, used 48925K [0x00000000eab00000, 0x00000000ee500000, 0x0000000100000000)
  eden space 43008K, 100% used [0x00000000eab00000,0x00000000ed500000,0x00000000ed500000)
  from space 6144K, 96% used [0x00000000ed500000,0x00000000edac76a0,0x00000000edb00000)
  to   space 6656K, 0% used [0x00000000ede80000,0x00000000ede80000,0x00000000ee500000)
 ParOldGen       total 312320K, used 282240K [0x00000000c0000000, 0x00000000d3100000, 0x00000000eab00000)
  object space 312320K, 90% used [0x00000000c0000000,0x00000000d13a03d0,0x00000000d3100000)
 Metaspace       used 64940K, committed 66112K, reserved 1114112K
  class space    used 7430K, committed 7936K, reserved 1048576K
}
Event: 26.119 GC heap after
{Heap after GC invocations=118 (full 10):
 PSYoungGen      total 50176K, used 6636K [0x00000000eab00000, 0x00000000ee900000, 0x0000000100000000)
  eden space 43520K, 0% used [0x00000000eab00000,0x00000000eab00000,0x00000000ed580000)
  from space 6656K, 99% used [0x00000000ede80000,0x00000000ee4fb2f8,0x00000000ee500000)
  to   space 9216K, 0% used [0x00000000ed580000,0x00000000ed580000,0x00000000ede80000)
 ParOldGen       total 312320K, used 284274K [0x00000000c0000000, 0x00000000d3100000, 0x00000000eab00000)
  object space 312320K, 91% used [0x00000000c0000000,0x00000000d159cbf8,0x00000000d3100000)
 Metaspace       used 64940K, committed 66112K, reserved 1114112K
  class space    used 7430K, committed 7936K, reserved 1048576K
}
Event: 26.550 GC heap before
{Heap before GC invocations=119 (full 10):
 PSYoungGen      total 50176K, used 50156K [0x00000000eab00000, 0x00000000ee900000, 0x0000000100000000)
  eden space 43520K, 99% used [0x00000000eab00000,0x00000000ed57fff0,0x00000000ed580000)
  from space 6656K, 99% used [0x00000000ede80000,0x00000000ee4fb2f8,0x00000000ee500000)
  to   space 9216K, 0% used [0x00000000ed580000,0x00000000ed580000,0x00000000ede80000)
 ParOldGen       total 312320K, used 284274K [0x00000000c0000000, 0x00000000d3100000, 0x00000000eab00000)
  object space 312320K, 91% used [0x00000000c0000000,0x00000000d159cbf8,0x00000000d3100000)
 Metaspace       used 65647K, committed 66880K, reserved 1114112K
  class space    used 7508K, committed 8064K, reserved 1048576K
}
Event: 26.562 GC heap after
{Heap after GC invocations=119 (full 10):
 PSYoungGen      total 52736K, used 9213K [0x00000000eab00000, 0x00000000ef580000, 0x0000000100000000)
  eden space 43520K, 0% used [0x00000000eab00000,0x00000000eab00000,0x00000000ed580000)
  from space 9216K, 99% used [0x00000000ed580000,0x00000000ede7f520,0x00000000ede80000)
  to   space 15360K, 0% used [0x00000000ee680000,0x00000000ee680000,0x00000000ef580000)
 ParOldGen       total 312320K, used 289201K [0x00000000c0000000, 0x00000000d3100000, 0x00000000eab00000)
  object space 312320K, 92% used [0x00000000c0000000,0x00000000d1a6c7a0,0x00000000d3100000)
 Metaspace       used 65647K, committed 66880K, reserved 1114112K
  class space    used 7508K, committed 8064K, reserved 1048576K
}

