# JRE version: OpenJDK Runtime Environment Temurin-17.0.10+7 (17.0.10+7) (build 17.0.10+7)
# Java VM: OpenJDK 64-Bit Server VM Temurin-17.0.10+7 (17.0.10+7, mixed mode, tiered, compressed oops, compressed class ptrs, parallel gc, windows-amd64)
GC Precious Log:
 CPUs: 8 total, 8 available
 Memory: 8078M
 Large Page Support: Disabled
 NUMA Support: Disabled
 Compressed Oops: Enabled (32-bit)
 Alignments: Space 512K, Generation 512K, Heap 2M
 Heap Min Capacity: 100M
 Heap Initial Capacity: 100M
 Heap Max Capacity: 1G
 Pre-touch: Disabled
 Parallel Workers: 8
Heap:
 PSYoungGen      total 41472K, used 12063K [0x00000000eab00000, 0x00000000eef00000, 0x0000000100000000)
  eden space 30208K, 2% used [0x00000000eab00000,0x00000000eabc8d80,0x00000000ec880000)
  from space 11264K, 99% used [0x00000000ec880000,0x00000000ed37eea0,0x00000000ed380000)
  to   space 17920K, 0% used [0x00000000edd80000,0x00000000edd80000,0x00000000eef00000)
 ParOldGen       total 314880K, used 263533K [0x00000000c0000000, 0x00000000d3380000, 0x00000000eab00000)
  object space 314880K, 83% used [0x00000000c0000000,0x00000000d015b568,0x00000000d3380000)
 Metaspace       used 56829K, committed 57920K, reserved 1114112K
  class space    used 6138K, committed 6592K, reserved 1048576K
GC Heap History (20 events):
Event: 31.892 GC heap before
{Heap before GC invocations=177 (full 9):
 PSYoungGen      total 20480K, used 20026K [0x00000000eab00000, 0x00000000ec600000, 0x0000000100000000)
  eden space 14848K, 100% used [0x00000000eab00000,0x00000000eb980000,0x00000000eb980000)
  from space 5632K, 91% used [0x00000000ec080000,0x00000000ec58e820,0x00000000ec600000)
  to   space 6144K, 0% used [0x00000000eba00000,0x00000000eba00000,0x00000000ec000000)
 ParOldGen       total 254464K, used 223205K [0x00000000c0000000, 0x00000000cf880000, 0x00000000eab00000)
  object space 254464K, 87% used [0x00000000c0000000,0x00000000cd9f9648,0x00000000cf880000)
 Metaspace       used 56828K, committed 57920K, reserved 1114112K
  class space    used 6138K, committed 6592K, reserved 1048576K
}
Event: 31.897 GC heap after
{Heap after GC invocations=177 (full 9):
 PSYoungGen      total 21504K, used 6139K [0x00000000eab00000, 0x00000000ecd00000, 0x0000000100000000)
  eden space 15360K, 0% used [0x00000000eab00000,0x00000000eab00000,0x00000000eba00000)
  from space 6144K, 99% used [0x00000000eba00000,0x00000000ebffee50,0x00000000ec000000)
  to   space 9216K, 0% used [0x00000000ec400000,0x00000000ec400000,0x00000000ecd00000)
 ParOldGen       total 254464K, used 225535K [0x00000000c0000000, 0x00000000cf880000, 0x00000000eab00000)
  object space 254464K, 88% used [0x00000000c0000000,0x00000000cdc3fc00,0x00000000cf880000)
 Metaspace       used 56828K, committed 57920K, reserved 1114112K
  class space    used 6138K, committed 6592K, reserved 1048576K
}
Event: 31.951 GC heap before
{Heap before GC invocations=178 (full 9):
 PSYoungGen      total 21504K, used 21499K [0x00000000eab00000, 0x00000000ecd00000, 0x0000000100000000)
  eden space 15360K, 100% used [0x00000000eab00000,0x00000000eba00000,0x00000000eba00000)
  from space 6144K, 99% used [0x00000000eba00000,0x00000000ebffee50,0x00000000ec000000)
  to   space 9216K, 0% used [0x00000000ec400000,0x00000000ec400000,0x00000000ecd00000)
 ParOldGen       total 254464K, used 225535K [0x00000000c0000000, 0x00000000cf880000, 0x00000000eab00000)
  object space 254464K, 88% used [0x00000000c0000000,0x00000000cdc3fc00,0x00000000cf880000)
 Metaspace       used 56828K, committed 57920K, reserved 1114112K
  class space    used 6138K, committed 6592K, reserved 1048576K
}
Event: 31.957 GC heap after
{Heap after GC invocations=178 (full 9):
 PSYoungGen      total 23552K, used 6218K [0x00000000eab00000, 0x00000000eca80000, 0x0000000100000000)
  eden space 16896K, 0% used [0x00000000eab00000,0x00000000eab00000,0x00000000ebb80000)
  from space 6656K, 93% used [0x00000000ec400000,0x00000000eca12810,0x00000000eca80000)
  to   space 7168K, 0% used [0x00000000ebc80000,0x00000000ebc80000,0x00000000ec380000)
 ParOldGen       total 254464K, used 228995K [0x00000000c0000000, 0x00000000cf880000, 0x00000000eab00000)
  object space 254464K, 89% used [0x00000000c0000000,0x00000000cdfa0d00,0x00000000cf880000)
 Metaspace       used 56828K, committed 57920K, reserved 1114112K
  class space    used 6138K, committed 6592K, reserved 1048576K
}
Event: 32.024 GC heap before
{Heap before GC invocations=179 (full 9):
 PSYoungGen      total 23552K, used 23114K [0x00000000eab00000, 0x00000000eca80000, 0x0000000100000000)
  eden space 16896K, 100% used [0x00000000eab00000,0x00000000ebb80000,0x00000000ebb80000)
  from space 6656K, 93% used [0x00000000ec400000,0x00000000eca12810,0x00000000eca80000)
  to   space 7168K, 0% used [0x00000000ebc80000,0x00000000ebc80000,0x00000000ec380000)
 ParOldGen       total 254464K, used 228995K [0x00000000c0000000, 0x00000000cf880000, 0x00000000eab00000)
  object space 254464K, 89% used [0x00000000c0000000,0x00000000cdfa0d00,0x00000000cf880000)
 Metaspace       used 56828K, committed 57920K, reserved 1114112K
  class space    used 6138K, committed 6592K, reserved 1048576K
}
Event: 32.030 GC heap after
{Heap after GC invocations=179 (full 9):
 PSYoungGen      total 25088K, used 7152K [0x00000000eab00000, 0x00000000ed100000, 0x0000000100000000)
  eden space 17920K, 0% used [0x00000000eab00000,0x00000000eab00000,0x00000000ebc80000)
  from space 7168K, 99% used [0x00000000ebc80000,0x00000000ec37c168,0x00000000ec380000)
  to   space 10240K, 0% used [0x00000000ec700000,0x00000000ec700000,0x00000000ed100000)
 ParOldGen       total 254464K, used 231427K [0x00000000c0000000, 0x00000000cf880000, 0x00000000eab00000)
  object space 254464K, 90% used [0x00000000c0000000,0x00000000ce200ec8,0x00000000cf880000)
 Metaspace       used 56828K, committed 57920K, reserved 1114112K
  class space    used 6138K, committed 6592K, reserved 1048576K
}
Event: 32.110 GC heap before
{Heap before GC invocations=180 (full 9):
 PSYoungGen      total 25088K, used 25072K [0x00000000eab00000, 0x00000000ed100000, 0x0000000100000000)
  eden space 17920K, 100% used [0x00000000eab00000,0x00000000ebc80000,0x00000000ebc80000)
  from space 7168K, 99% used [0x00000000ebc80000,0x00000000ec37c168,0x00000000ec380000)
  to   space 10240K, 0% used [0x00000000ec700000,0x00000000ec700000,0x00000000ed100000)
 ParOldGen       total 254464K, used 231427K [0x00000000c0000000, 0x00000000cf880000, 0x00000000eab00000)
  object space 254464K, 90% used [0x00000000c0000000,0x00000000ce200ec8,0x00000000cf880000)
 Metaspace       used 56828K, committed 57920K, reserved 1114112K
  class space    used 6138K, committed 6592K, reserved 1048576K
}
Event: 32.122 GC heap after
{Heap after GC invocations=180 (full 9):
 PSYoungGen      total 26624K, used 7049K [0x00000000eab00000, 0x00000000ece00000, 0x0000000100000000)
  eden space 19456K, 0% used [0x00000000eab00000,0x00000000eab00000,0x00000000ebe00000)
  from space 7168K, 98% used [0x00000000ec700000,0x00000000ecde2528,0x00000000ece00000)
  to   space 8192K, 0% used [0x00000000ebe00000,0x00000000ebe00000,0x00000000ec600000)
 ParOldGen       total 254464K, used 235659K [0x00000000c0000000, 0x00000000cf880000, 0x00000000eab00000)
  object space 254464K, 92% used [0x00000000c0000000,0x00000000ce622dc0,0x00000000cf880000)
 Metaspace       used 56828K, committed 57920K, reserved 1114112K
  class space    used 6138K, committed 6592K, reserved 1048576K
}
Event: 32.194 GC heap before
{Heap before GC invocations=181 (full 9):
 PSYoungGen      total 26624K, used 26476K [0x00000000eab00000, 0x00000000ece00000, 0x0000000100000000)
  eden space 19456K, 99% used [0x00000000eab00000,0x00000000ebdf8e50,0x00000000ebe00000)
  from space 7168K, 98% used [0x00000000ec700000,0x00000000ecde2528,0x00000000ece00000)
  to   space 8192K, 0% used [0x00000000ebe00000,0x00000000ebe00000,0x00000000ec600000)
 ParOldGen       total 254464K, used 235659K [0x00000000c0000000, 0x00000000cf880000, 0x00000000eab00000)
  object space 254464K, 92% used [0x00000000c0000000,0x00000000ce622dc0,0x00000000cf880000)
 Metaspace       used 56828K, committed 57920K, reserved 1114112K
  class space    used 6138K, committed 6592K, reserved 1048576K
}
Event: 32.204 GC heap after
{Heap after GC invocations=181 (full 9):
 PSYoungGen      total 27648K, used 8181K [0x00000000eab00000, 0x00000000ed900000, 0x0000000100000000)
  eden space 19456K, 0% used [0x00000000eab00000,0x00000000eab00000,0x00000000ebe00000)
  from space 8192K, 99% used [0x00000000ebe00000,0x00000000ec5fd750,0x00000000ec600000)
  to   space 12800K, 0% used [0x00000000ecc80000,0x00000000ecc80000,0x00000000ed900000)
 ParOldGen       total 254464K, used 239070K [0x00000000c0000000, 0x00000000cf880000, 0x00000000eab00000)
  object space 254464K, 93% used [0x00000000c0000000,0x00000000ce9779b8,0x00000000cf880000)
 Metaspace       used 56828K, committed 57920K, reserved 1114112K
  class space    used 6138K, committed 6592K, reserved 1048576K
}
Event: 32.275 GC heap before
{Heap before GC invocations=182 (full 9):
 PSYoungGen      total 27648K, used 27637K [0x00000000eab00000, 0x00000000ed900000, 0x0000000100000000)
  eden space 19456K, 100% used [0x00000000eab00000,0x00000000ebe00000,0x00000000ebe00000)
  from space 8192K, 99% used [0x00000000ebe00000,0x00000000ec5fd750,0x00000000ec600000)
  to   space 12800K, 0% used [0x00000000ecc80000,0x00000000ecc80000,0x00000000ed900000)
 ParOldGen       total 254464K, used 239070K [0x00000000c0000000, 0x00000000cf880000, 0x00000000eab00000)
  object space 254464K, 93% used [0x00000000c0000000,0x00000000ce9779b8,0x00000000cf880000)
 Metaspace       used 56828K, committed 57920K, reserved 1114112K
  class space    used 6138K, committed 6592K, reserved 1048576K
}
Event: 32.295 GC heap after
{Heap after GC invocations=182 (full 9):
 PSYoungGen      total 30720K, used 8282K [0x00000000eab00000, 0x00000000ed500000, 0x0000000100000000)
  eden space 22016K, 0% used [0x00000000eab00000,0x00000000eab00000,0x00000000ec080000)
  from space 8704K, 95% used [0x00000000ecc80000,0x00000000ed496840,0x00000000ed500000)
  to   space 9728K, 0% used [0x00000000ec200000,0x00000000ec200000,0x00000000ecb80000)
 ParOldGen       total 254464K, used 243872K [0x00000000c0000000, 0x00000000cf880000, 0x00000000eab00000)
  object space 254464K, 95% used [0x00000000c0000000,0x00000000cee281b0,0x00000000cf880000)
 Metaspace       used 56828K, committed 57920K, reserved 1114112K
  class space    used 6138K, committed 6592K, reserved 1048576K
}
Event: 32.362 GC heap before
{Heap before GC invocations=183 (full 9):
 PSYoungGen      total 30720K, used 30298K [0x00000000eab00000, 0x00000000ed500000, 0x0000000100000000)
  eden space 22016K, 100% used [0x00000000eab00000,0x00000000ec080000,0x00000000ec080000)
  from space 8704K, 95% used [0x00000000ecc80000,0x00000000ed496840,0x00000000ed500000)
  to   space 9728K, 0% used [0x00000000ec200000,0x00000000ec200000,0x00000000ecb80000)
 ParOldGen       total 254464K, used 243872K [0x00000000c0000000, 0x00000000cf880000, 0x00000000eab00000)
  object space 254464K, 95% used [0x00000000c0000000,0x00000000cee281b0,0x00000000cf880000)
 Metaspace       used 56828K, committed 57920K, reserved 1114112K
  class space    used 6138K, committed 6592K, reserved 1048576K
}
Event: 32.410 GC heap after
{Heap after GC invocations=183 (full 9):
 PSYoungGen      total 33280K, used 9705K [0x00000000eab00000, 0x00000000ee380000, 0x0000000100000000)
  eden space 23552K, 0% used [0x00000000eab00000,0x00000000eab00000,0x00000000ec200000)
  from space 9728K, 99% used [0x00000000ec200000,0x00000000ecb7a798,0x00000000ecb80000)
  to   space 16384K, 0% used [0x00000000ed380000,0x00000000ed380000,0x00000000ee380000)
 ParOldGen       total 254464K, used 248935K [0x00000000c0000000, 0x00000000cf880000, 0x00000000eab00000)
  object space 254464K, 97% used [0x00000000c0000000,0x00000000cf319ea0,0x00000000cf880000)
 Metaspace       used 56828K, committed 57920K, reserved 1114112K
  class space    used 6138K, committed 6592K, reserved 1048576K
}
Event: 32.457 GC heap before
{Heap before GC invocations=184 (full 9):
 PSYoungGen      total 33280K, used 33209K [0x00000000eab00000, 0x00000000ee380000, 0x0000000100000000)
  eden space 23552K, 99% used [0x00000000eab00000,0x00000000ec1f3f08,0x00000000ec200000)
  from space 9728K, 99% used [0x00000000ec200000,0x00000000ecb7a798,0x00000000ecb80000)
  to   space 16384K, 0% used [0x00000000ed380000,0x00000000ed380000,0x00000000ee380000)
 ParOldGen       total 254464K, used 248935K [0x00000000c0000000, 0x00000000cf880000, 0x00000000eab00000)
  object space 254464K, 97% used [0x00000000c0000000,0x00000000cf319ea0,0x00000000cf880000)
 Metaspace       used 56828K, committed 57920K, reserved 1114112K
  class space    used 6138K, committed 6592K, reserved 1048576K
}
Event: 32.475 GC heap after
{Heap after GC invocations=184 (full 9):
 PSYoungGen      total 36352K, used 8743K [0x00000000eab00000, 0x00000000edc80000, 0x0000000100000000)
  eden space 27136K, 0% used [0x00000000eab00000,0x00000000eab00000,0x00000000ec580000)
  from space 9216K, 94% used [0x00000000ed380000,0x00000000edc09fe0,0x00000000edc80000)
  to   space 11264K, 0% used [0x00000000ec680000,0x00000000ec680000,0x00000000ed180000)
 ParOldGen       total 258560K, used 258355K [0x00000000c0000000, 0x00000000cfc80000, 0x00000000eab00000)
  object space 258560K, 99% used [0x00000000c0000000,0x00000000cfc4cd20,0x00000000cfc80000)
 Metaspace       used 56828K, committed 57920K, reserved 1114112K
  class space    used 6138K, committed 6592K, reserved 1048576K
}
Event: 32.475 GC heap before
{Heap before GC invocations=185 (full 10):
 PSYoungGen      total 36352K, used 8743K [0x00000000eab00000, 0x00000000edc80000, 0x0000000100000000)
  eden space 27136K, 0% used [0x00000000eab00000,0x00000000eab00000,0x00000000ec580000)
  from space 9216K, 94% used [0x00000000ed380000,0x00000000edc09fe0,0x00000000edc80000)
  to   space 11264K, 0% used [0x00000000ec680000,0x00000000ec680000,0x00000000ed180000)
 ParOldGen       total 258560K, used 258355K [0x00000000c0000000, 0x00000000cfc80000, 0x00000000eab00000)
  object space 258560K, 99% used [0x00000000c0000000,0x00000000cfc4cd20,0x00000000cfc80000)
 Metaspace       used 56828K, committed 57920K, reserved 1114112K
  class space    used 6138K, committed 6592K, reserved 1048576K
}
Event: 32.896 GC heap after
{Heap after GC invocations=185 (full 10):
 PSYoungGen      total 39424K, used 4462K [0x00000000eab00000, 0x00000000edf00000, 0x0000000100000000)
  eden space 30208K, 0% used [0x00000000eab00000,0x00000000eab00000,0x00000000ec880000)
  from space 9216K, 48% used [0x00000000ed380000,0x00000000ed7db990,0x00000000edc80000)
  to   space 11264K, 0% used [0x00000000ec880000,0x00000000ec880000,0x00000000ed380000)
 ParOldGen       total 314880K, used 258500K [0x00000000c0000000, 0x00000000d3380000, 0x00000000eab00000)
  object space 314880K, 82% used [0x00000000c0000000,0x00000000cfc71118,0x00000000d3380000)
 Metaspace       used 56828K, committed 57920K, reserved 1114112K
  class space    used 6138K, committed 6592K, reserved 1048576K
}
Event: 32.953 GC heap before
{Heap before GC invocations=186 (full 10):
 PSYoungGen      total 39424K, used 34670K [0x00000000eab00000, 0x00000000edf00000, 0x0000000100000000)
  eden space 30208K, 100% used [0x00000000eab00000,0x00000000ec880000,0x00000000ec880000)
  from space 9216K, 48% used [0x00000000ed380000,0x00000000ed7db990,0x00000000edc80000)
  to   space 11264K, 0% used [0x00000000ec880000,0x00000000ec880000,0x00000000ed380000)
 ParOldGen       total 314880K, used 258500K [0x00000000c0000000, 0x00000000d3380000, 0x00000000eab00000)
  object space 314880K, 82% used [0x00000000c0000000,0x00000000cfc71118,0x00000000d3380000)
 Metaspace       used 56828K, committed 57920K, reserved 1114112K
  class space    used 6138K, committed 6592K, reserved 1048576K
}
Event: 32.972 GC heap after
{Heap after GC invocations=186 (full 10):
 PSYoungGen      total 41472K, used 11259K [0x00000000eab00000, 0x00000000eef00000, 0x0000000100000000)
  eden space 30208K, 0% used [0x00000000eab00000,0x00000000eab00000,0x00000000ec880000)
  from space 11264K, 99% used [0x00000000ec880000,0x00000000ed37eea0,0x00000000ed380000)
  to   space 17920K, 0% used [0x00000000edd80000,0x00000000edd80000,0x00000000eef00000)
 ParOldGen       total 314880K, used 263533K [0x00000000c0000000, 0x00000000d3380000, 0x00000000eab00000)
  object space 314880K, 83% used [0x00000000c0000000,0x00000000d015b568,0x00000000d3380000)
 Metaspace       used 56828K, committed 57920K, reserved 1114112K
  class space    used 6138K, committed 6592K, reserved 1048576K
}

