# JRE version: OpenJDK Runtime Environment Temurin-17.0.10+7 (17.0.10+7) (build 17.0.10+7)
# Java VM: OpenJDK 64-Bit Server VM Temurin-17.0.10+7 (17.0.10+7, mixed mode, tiered, compressed oops, compressed class ptrs, parallel gc, windows-amd64)
GC Precious Log:
 CPUs: 8 total, 8 available
 Memory: 8078M
 Large Page Support: Disabled
 NUMA Support: Disabled
 Compressed Oops: Enabled (32-bit)
 Alignments: Space 512K, Generation 512K, Heap 2M
 Heap Min Capacity: 100M
 Heap Initial Capacity: 100M
 Heap Max Capacity: 1G
 Pre-touch: Disabled
 Parallel Workers: 8
Heap:
 PSYoungGen      total 9728K, used 3137K [0x00000000eab00000, 0x00000000eb800000, 0x0000000100000000)
  eden space 7168K, 8% used [0x00000000eab00000,0x00000000eab93c98,0x00000000eb200000)
  from space 2560K, 99% used [0x00000000eb300000,0x00000000eb57c8a0,0x00000000eb580000)
  to   space 2048K, 0% used [0x00000000eb600000,0x00000000eb600000,0x00000000eb800000)
 ParOldGen       total 224256K, used 205335K [0x00000000c0000000, 0x00000000cdb00000, 0x00000000eab00000)
  object space 224256K, 91% used [0x00000000c0000000,0x00000000cc885e28,0x00000000cdb00000)
 Metaspace       used 57045K, committed 58176K, reserved 1114112K
  class space    used 6140K, committed 6592K, reserved 1048576K
GC Heap History (20 events):
Event: 27.052 GC heap before
{Heap before GC invocations=107 (full 7):
 PSYoungGen      total 7680K, used 7592K [0x00000000eab00000, 0x00000000eb480000, 0x0000000100000000)
  eden space 6144K, 100% used [0x00000000eab00000,0x00000000eb100000,0x00000000eb100000)
  from space 1536K, 94% used [0x00000000eb300000,0x00000000eb46a1a8,0x00000000eb480000)
  to   space 1536K, 0% used [0x00000000eb180000,0x00000000eb180000,0x00000000eb300000)
 ParOldGen       total 197120K, used 193662K [0x00000000c0000000, 0x00000000cc080000, 0x00000000eab00000)
  object space 197120K, 98% used [0x00000000c0000000,0x00000000cbd1fba0,0x00000000cc080000)
 Metaspace       used 57045K, committed 58176K, reserved 1114112K
  class space    used 6140K, committed 6592K, reserved 1048576K
}
Event: 27.055 GC heap after
{Heap after GC invocations=107 (full 7):
 PSYoungGen      total 7680K, used 1520K [0x00000000eab00000, 0x00000000eb800000, 0x0000000100000000)
  eden space 6144K, 0% used [0x00000000eab00000,0x00000000eab00000,0x00000000eb100000)
  from space 1536K, 99% used [0x00000000eb180000,0x00000000eb2fc3e8,0x00000000eb300000)
  to   space 3584K, 0% used [0x00000000eb480000,0x00000000eb480000,0x00000000eb800000)
 ParOldGen       total 197120K, used 195140K [0x00000000c0000000, 0x00000000cc080000, 0x00000000eab00000)
  object space 197120K, 98% used [0x00000000c0000000,0x00000000cbe913e8,0x00000000cc080000)
 Metaspace       used 57045K, committed 58176K, reserved 1114112K
  class space    used 6140K, committed 6592K, reserved 1048576K
}
Event: 27.076 GC heap before
{Heap before GC invocations=108 (full 7):
 PSYoungGen      total 7680K, used 7664K [0x00000000eab00000, 0x00000000eb800000, 0x0000000100000000)
  eden space 6144K, 100% used [0x00000000eab00000,0x00000000eb100000,0x00000000eb100000)
  from space 1536K, 99% used [0x00000000eb180000,0x00000000eb2fc3e8,0x00000000eb300000)
  to   space 3584K, 0% used [0x00000000eb480000,0x00000000eb480000,0x00000000eb800000)
 ParOldGen       total 197120K, used 195140K [0x00000000c0000000, 0x00000000cc080000, 0x00000000eab00000)
  object space 197120K, 98% used [0x00000000c0000000,0x00000000cbe913e8,0x00000000cc080000)
 Metaspace       used 57045K, committed 58176K, reserved 1114112K
  class space    used 6140K, committed 6592K, reserved 1048576K
}
Event: 27.079 GC heap after
{Heap after GC invocations=108 (full 7):
 PSYoungGen      total 7680K, used 1504K [0x00000000eab00000, 0x00000000eb600000, 0x0000000100000000)
  eden space 6144K, 0% used [0x00000000eab00000,0x00000000eab00000,0x00000000eb100000)
  from space 1536K, 97% used [0x00000000eb480000,0x00000000eb5f8000,0x00000000eb600000)
  to   space 2048K, 0% used [0x00000000eb200000,0x00000000eb200000,0x00000000eb400000)
 ParOldGen       total 197120K, used 196622K [0x00000000c0000000, 0x00000000cc080000, 0x00000000eab00000)
  object space 197120K, 99% used [0x00000000c0000000,0x00000000cc003a18,0x00000000cc080000)
 Metaspace       used 57045K, committed 58176K, reserved 1114112K
  class space    used 6140K, committed 6592K, reserved 1048576K
}
Event: 27.079 GC heap before
{Heap before GC invocations=109 (full 8):
 PSYoungGen      total 7680K, used 1504K [0x00000000eab00000, 0x00000000eb600000, 0x0000000100000000)
  eden space 6144K, 0% used [0x00000000eab00000,0x00000000eab00000,0x00000000eb100000)
  from space 1536K, 97% used [0x00000000eb480000,0x00000000eb5f8000,0x00000000eb600000)
  to   space 2048K, 0% used [0x00000000eb200000,0x00000000eb200000,0x00000000eb400000)
 ParOldGen       total 197120K, used 196622K [0x00000000c0000000, 0x00000000cc080000, 0x00000000eab00000)
  object space 197120K, 99% used [0x00000000c0000000,0x00000000cc003a18,0x00000000cc080000)
 Metaspace       used 57045K, committed 58176K, reserved 1114112K
  class space    used 6140K, committed 6592K, reserved 1048576K
}
Event: 27.189 GC heap after
{Heap after GC invocations=109 (full 8):
 PSYoungGen      total 9216K, used 0K [0x00000000eab00000, 0x00000000eb600000, 0x0000000100000000)
  eden space 7168K, 0% used [0x00000000eab00000,0x00000000eab00000,0x00000000eb200000)
  from space 2048K, 0% used [0x00000000eb200000,0x00000000eb200000,0x00000000eb400000)
  to   space 2048K, 0% used [0x00000000eb400000,0x00000000eb400000,0x00000000eb600000)
 ParOldGen       total 224256K, used 194524K [0x00000000c0000000, 0x00000000cdb00000, 0x00000000eab00000)
  object space 224256K, 86% used [0x00000000c0000000,0x00000000cbdf7368,0x00000000cdb00000)
 Metaspace       used 57045K, committed 58176K, reserved 1114112K
  class space    used 6140K, committed 6592K, reserved 1048576K
}
Event: 27.279 GC heap before
{Heap before GC invocations=110 (full 8):
 PSYoungGen      total 9216K, used 7168K [0x00000000eab00000, 0x00000000eb600000, 0x0000000100000000)
  eden space 7168K, 100% used [0x00000000eab00000,0x00000000eb200000,0x00000000eb200000)
  from space 2048K, 0% used [0x00000000eb200000,0x00000000eb200000,0x00000000eb400000)
  to   space 2048K, 0% used [0x00000000eb400000,0x00000000eb400000,0x00000000eb600000)
 ParOldGen       total 224256K, used 194524K [0x00000000c0000000, 0x00000000cdb00000, 0x00000000eab00000)
  object space 224256K, 86% used [0x00000000c0000000,0x00000000cbdf7368,0x00000000cdb00000)
 Metaspace       used 57045K, committed 58176K, reserved 1114112K
  class space    used 6140K, committed 6592K, reserved 1048576K
}
Event: 27.282 GC heap after
{Heap after GC invocations=110 (full 8):
 PSYoungGen      total 9216K, used 1795K [0x00000000eab00000, 0x00000000eb600000, 0x0000000100000000)
  eden space 7168K, 0% used [0x00000000eab00000,0x00000000eab00000,0x00000000eb200000)
  from space 2048K, 87% used [0x00000000eb400000,0x00000000eb5c0e08,0x00000000eb600000)
  to   space 2048K, 0% used [0x00000000eb200000,0x00000000eb200000,0x00000000eb400000)
 ParOldGen       total 224256K, used 194524K [0x00000000c0000000, 0x00000000cdb00000, 0x00000000eab00000)
  object space 224256K, 86% used [0x00000000c0000000,0x00000000cbdf7368,0x00000000cdb00000)
 Metaspace       used 57045K, committed 58176K, reserved 1114112K
  class space    used 6140K, committed 6592K, reserved 1048576K
}
Event: 27.457 GC heap before
{Heap before GC invocations=111 (full 8):
 PSYoungGen      total 9216K, used 8963K [0x00000000eab00000, 0x00000000eb600000, 0x0000000100000000)
  eden space 7168K, 100% used [0x00000000eab00000,0x00000000eb200000,0x00000000eb200000)
  from space 2048K, 87% used [0x00000000eb400000,0x00000000eb5c0e08,0x00000000eb600000)
  to   space 2048K, 0% used [0x00000000eb200000,0x00000000eb200000,0x00000000eb400000)
 ParOldGen       total 224256K, used 194524K [0x00000000c0000000, 0x00000000cdb00000, 0x00000000eab00000)
  object space 224256K, 86% used [0x00000000c0000000,0x00000000cbdf7368,0x00000000cdb00000)
 Metaspace       used 57045K, committed 58176K, reserved 1114112K
  class space    used 6140K, committed 6592K, reserved 1048576K
}
Event: 27.463 GC heap after
{Heap after GC invocations=111 (full 8):
 PSYoungGen      total 9216K, used 2048K [0x00000000eab00000, 0x00000000eba00000, 0x0000000100000000)
  eden space 7168K, 0% used [0x00000000eab00000,0x00000000eab00000,0x00000000eb200000)
  from space 2048K, 100% used [0x00000000eb200000,0x00000000eb400000,0x00000000eb400000)
  to   space 4096K, 0% used [0x00000000eb600000,0x00000000eb600000,0x00000000eba00000)
 ParOldGen       total 224256K, used 195855K [0x00000000c0000000, 0x00000000cdb00000, 0x00000000eab00000)
  object space 224256K, 87% used [0x00000000c0000000,0x00000000cbf43df8,0x00000000cdb00000)
 Metaspace       used 57045K, committed 58176K, reserved 1114112K
  class space    used 6140K, committed 6592K, reserved 1048576K
}
Event: 27.515 GC heap before
{Heap before GC invocations=112 (full 8):
 PSYoungGen      total 9216K, used 9216K [0x00000000eab00000, 0x00000000eba00000, 0x0000000100000000)
  eden space 7168K, 100% used [0x00000000eab00000,0x00000000eb200000,0x00000000eb200000)
  from space 2048K, 100% used [0x00000000eb200000,0x00000000eb400000,0x00000000eb400000)
  to   space 4096K, 0% used [0x00000000eb600000,0x00000000eb600000,0x00000000eba00000)
 ParOldGen       total 224256K, used 195855K [0x00000000c0000000, 0x00000000cdb00000, 0x00000000eab00000)
  object space 224256K, 87% used [0x00000000c0000000,0x00000000cbf43df8,0x00000000cdb00000)
 Metaspace       used 57045K, committed 58176K, reserved 1114112K
  class space    used 6140K, committed 6592K, reserved 1048576K
}
Event: 27.520 GC heap after
{Heap after GC invocations=112 (full 8):
 PSYoungGen      total 9216K, used 1728K [0x00000000eab00000, 0x00000000eb800000, 0x0000000100000000)
  eden space 7168K, 0% used [0x00000000eab00000,0x00000000eab00000,0x00000000eb200000)
  from space 2048K, 84% used [0x00000000eb600000,0x00000000eb7b0000,0x00000000eb800000)
  to   space 2560K, 0% used [0x00000000eb300000,0x00000000eb300000,0x00000000eb580000)
 ParOldGen       total 224256K, used 197891K [0x00000000c0000000, 0x00000000cdb00000, 0x00000000eab00000)
  object space 224256K, 88% used [0x00000000c0000000,0x00000000cc140df0,0x00000000cdb00000)
 Metaspace       used 57045K, committed 58176K, reserved 1114112K
  class space    used 6140K, committed 6592K, reserved 1048576K
}
Event: 27.583 GC heap before
{Heap before GC invocations=113 (full 8):
 PSYoungGen      total 9216K, used 8896K [0x00000000eab00000, 0x00000000eb800000, 0x0000000100000000)
  eden space 7168K, 100% used [0x00000000eab00000,0x00000000eb200000,0x00000000eb200000)
  from space 2048K, 84% used [0x00000000eb600000,0x00000000eb7b0000,0x00000000eb800000)
  to   space 2560K, 0% used [0x00000000eb300000,0x00000000eb300000,0x00000000eb580000)
 ParOldGen       total 224256K, used 197891K [0x00000000c0000000, 0x00000000cdb00000, 0x00000000eab00000)
  object space 224256K, 88% used [0x00000000c0000000,0x00000000cc140df0,0x00000000cdb00000)
 Metaspace       used 57045K, committed 58176K, reserved 1114112K
  class space    used 6140K, committed 6592K, reserved 1048576K
}
Event: 27.587 GC heap after
{Heap after GC invocations=113 (full 8):
 PSYoungGen      total 9728K, used 2544K [0x00000000eab00000, 0x00000000eba00000, 0x0000000100000000)
  eden space 7168K, 0% used [0x00000000eab00000,0x00000000eab00000,0x00000000eb200000)
  from space 2560K, 99% used [0x00000000eb300000,0x00000000eb57c010,0x00000000eb580000)
  to   space 4096K, 0% used [0x00000000eb600000,0x00000000eb600000,0x00000000eba00000)
 ParOldGen       total 224256K, used 198899K [0x00000000c0000000, 0x00000000cdb00000, 0x00000000eab00000)
  object space 224256K, 88% used [0x00000000c0000000,0x00000000cc23cda0,0x00000000cdb00000)
 Metaspace       used 57045K, committed 58176K, reserved 1114112K
  class space    used 6140K, committed 6592K, reserved 1048576K
}
Event: 27.639 GC heap before
{Heap before GC invocations=114 (full 8):
 PSYoungGen      total 9728K, used 9712K [0x00000000eab00000, 0x00000000eba00000, 0x0000000100000000)
  eden space 7168K, 100% used [0x00000000eab00000,0x00000000eb200000,0x00000000eb200000)
  from space 2560K, 99% used [0x00000000eb300000,0x00000000eb57c010,0x00000000eb580000)
  to   space 4096K, 0% used [0x00000000eb600000,0x00000000eb600000,0x00000000eba00000)
 ParOldGen       total 224256K, used 198899K [0x00000000c0000000, 0x00000000cdb00000, 0x00000000eab00000)
  object space 224256K, 88% used [0x00000000c0000000,0x00000000cc23cda0,0x00000000cdb00000)
 Metaspace       used 57045K, committed 58176K, reserved 1114112K
  class space    used 6140K, committed 6592K, reserved 1048576K
}
Event: 27.644 GC heap after
{Heap after GC invocations=114 (full 8):
 PSYoungGen      total 9216K, used 1845K [0x00000000eab00000, 0x00000000eb800000, 0x0000000100000000)
  eden space 7168K, 0% used [0x00000000eab00000,0x00000000eab00000,0x00000000eb200000)
  from space 2048K, 90% used [0x00000000eb600000,0x00000000eb7cd5c8,0x00000000eb800000)
  to   space 2560K, 0% used [0x00000000eb300000,0x00000000eb300000,0x00000000eb580000)
 ParOldGen       total 224256K, used 201428K [0x00000000c0000000, 0x00000000cdb00000, 0x00000000eab00000)
  object space 224256K, 89% used [0x00000000c0000000,0x00000000cc4b51f0,0x00000000cdb00000)
 Metaspace       used 57045K, committed 58176K, reserved 1114112K
  class space    used 6140K, committed 6592K, reserved 1048576K
}
Event: 27.810 GC heap before
{Heap before GC invocations=115 (full 8):
 PSYoungGen      total 9216K, used 9013K [0x00000000eab00000, 0x00000000eb800000, 0x0000000100000000)
  eden space 7168K, 100% used [0x00000000eab00000,0x00000000eb200000,0x00000000eb200000)
  from space 2048K, 90% used [0x00000000eb600000,0x00000000eb7cd5c8,0x00000000eb800000)
  to   space 2560K, 0% used [0x00000000eb300000,0x00000000eb300000,0x00000000eb580000)
 ParOldGen       total 224256K, used 201428K [0x00000000c0000000, 0x00000000cdb00000, 0x00000000eab00000)
  object space 224256K, 89% used [0x00000000c0000000,0x00000000cc4b51f0,0x00000000cdb00000)
 Metaspace       used 57045K, committed 58176K, reserved 1114112K
  class space    used 6140K, committed 6592K, reserved 1048576K
}
Event: 27.813 GC heap after
{Heap after GC invocations=115 (full 8):
 PSYoungGen      total 9728K, used 2559K [0x00000000eab00000, 0x00000000eba00000, 0x0000000100000000)
  eden space 7168K, 0% used [0x00000000eab00000,0x00000000eab00000,0x00000000eb200000)
  from space 2560K, 99% used [0x00000000eb300000,0x00000000eb57fc78,0x00000000eb580000)
  to   space 4096K, 0% used [0x00000000eb600000,0x00000000eb600000,0x00000000eba00000)
 ParOldGen       total 224256K, used 202192K [0x00000000c0000000, 0x00000000cdb00000, 0x00000000eab00000)
  object space 224256K, 90% used [0x00000000c0000000,0x00000000cc574328,0x00000000cdb00000)
 Metaspace       used 57045K, committed 58176K, reserved 1114112K
  class space    used 6140K, committed 6592K, reserved 1048576K
}
Event: 28.033 GC heap before
{Heap before GC invocations=116 (full 8):
 PSYoungGen      total 9728K, used 9727K [0x00000000eab00000, 0x00000000eba00000, 0x0000000100000000)
  eden space 7168K, 100% used [0x00000000eab00000,0x00000000eb200000,0x00000000eb200000)
  from space 2560K, 99% used [0x00000000eb300000,0x00000000eb57fc78,0x00000000eb580000)
  to   space 4096K, 0% used [0x00000000eb600000,0x00000000eb600000,0x00000000eba00000)
 ParOldGen       total 224256K, used 202192K [0x00000000c0000000, 0x00000000cdb00000, 0x00000000eab00000)
  object space 224256K, 90% used [0x00000000c0000000,0x00000000cc574328,0x00000000cdb00000)
 Metaspace       used 57045K, committed 58176K, reserved 1114112K
  class space    used 6140K, committed 6592K, reserved 1048576K
}
Event: 28.038 GC heap after
{Heap after GC invocations=116 (full 8):
 PSYoungGen      total 9216K, used 1811K [0x00000000eab00000, 0x00000000eb800000, 0x0000000100000000)
  eden space 7168K, 0% used [0x00000000eab00000,0x00000000eab00000,0x00000000eb200000)
  from space 2048K, 88% used [0x00000000eb600000,0x00000000eb7c4f50,0x00000000eb800000)
  to   space 2560K, 0% used [0x00000000eb300000,0x00000000eb300000,0x00000000eb580000)
 ParOldGen       total 224256K, used 204660K [0x00000000c0000000, 0x00000000cdb00000, 0x00000000eab00000)
  object space 224256K, 91% used [0x00000000c0000000,0x00000000cc7dd278,0x00000000cdb00000)
 Metaspace       used 57045K, committed 58176K, reserved 1114112K
  class space    used 6140K, committed 6592K, reserved 1048576K
}

