# JRE version: OpenJDK Runtime Environment Temurin-17.0.10+7 (17.0.10+7) (build 17.0.10+7)
# Java VM: OpenJDK 64-Bit Server VM Temurin-17.0.10+7 (17.0.10+7, mixed mode, tiered, compressed oops, compressed class ptrs, parallel gc, windows-amd64)
GC Precious Log:
 CPUs: 8 total, 8 available
 Memory: 8078M
 Large Page Support: Disabled
 NUMA Support: Disabled
 Compressed Oops: Enabled (32-bit)
 Alignments: Space 512K, Generation 512K, Heap 2M
 Heap Min Capacity: 100M
 Heap Initial Capacity: 100M
 Heap Max Capacity: 1G
 Pre-touch: Disabled
 Parallel Workers: 8
Heap:
 PSYoungGen      total 9728K, used 4596K [0x00000000eab00000, 0x00000000ec500000, 0x0000000100000000)
  eden space 5120K, 0% used [0x00000000eab00000,0x00000000eab00000,0x00000000eb000000)
  from space 4608K, 99% used [0x00000000eb880000,0x00000000ebcfd0e0,0x00000000ebd00000)
  to   space 8704K, 0% used [0x00000000eb000000,0x00000000eb000000,0x00000000eb880000)
 ParOldGen       total 184832K, used 182161K [0x00000000c0000000, 0x00000000cb480000, 0x00000000eab00000)
  object space 184832K, 98% used [0x00000000c0000000,0x00000000cb1e4788,0x00000000cb480000)
 Metaspace       used 64242K, committed 65344K, reserved 1114112K
  class space    used 7353K, committed 7808K, reserved 1048576K
GC Heap History (20 events):
Event: 18.239 GC heap after
{Heap after GC invocations=109 (full 7):
 PSYoungGen      total 11264K, used 3049K [0x00000000eab00000, 0x00000000ebc00000, 0x0000000100000000)
  eden space 8192K, 0% used [0x00000000eab00000,0x00000000eab00000,0x00000000eb300000)
  from space 3072K, 99% used [0x00000000eb400000,0x00000000eb6fa548,0x00000000eb700000)
  to   space 4608K, 0% used [0x00000000eb780000,0x00000000eb780000,0x00000000ebc00000)
 ParOldGen       total 184832K, used 163010K [0x00000000c0000000, 0x00000000cb480000, 0x00000000eab00000)
  object space 184832K, 88% used [0x00000000c0000000,0x00000000c9f30ae0,0x00000000cb480000)
 Metaspace       used 64242K, committed 65344K, reserved 1114112K
  class space    used 7353K, committed 7808K, reserved 1048576K
}
Event: 18.268 GC heap before
{Heap before GC invocations=110 (full 7):
 PSYoungGen      total 11264K, used 11241K [0x00000000eab00000, 0x00000000ebc00000, 0x0000000100000000)
  eden space 8192K, 100% used [0x00000000eab00000,0x00000000eb300000,0x00000000eb300000)
  from space 3072K, 99% used [0x00000000eb400000,0x00000000eb6fa548,0x00000000eb700000)
  to   space 4608K, 0% used [0x00000000eb780000,0x00000000eb780000,0x00000000ebc00000)
 ParOldGen       total 184832K, used 163010K [0x00000000c0000000, 0x00000000cb480000, 0x00000000eab00000)
  object space 184832K, 88% used [0x00000000c0000000,0x00000000c9f30ae0,0x00000000cb480000)
 Metaspace       used 64242K, committed 65344K, reserved 1114112K
  class space    used 7353K, committed 7808K, reserved 1048576K
}
Event: 18.273 GC heap after
{Heap after GC invocations=110 (full 7):
 PSYoungGen      total 10752K, used 2118K [0x00000000eab00000, 0x00000000eba00000, 0x0000000100000000)
  eden space 8192K, 0% used [0x00000000eab00000,0x00000000eab00000,0x00000000eb300000)
  from space 2560K, 82% used [0x00000000eb780000,0x00000000eb991af0,0x00000000eba00000)
  to   space 3072K, 0% used [0x00000000eb400000,0x00000000eb400000,0x00000000eb700000)
 ParOldGen       total 184832K, used 165951K [0x00000000c0000000, 0x00000000cb480000, 0x00000000eab00000)
  object space 184832K, 89% used [0x00000000c0000000,0x00000000ca20fd88,0x00000000cb480000)
 Metaspace       used 64242K, committed 65344K, reserved 1114112K
  class space    used 7353K, committed 7808K, reserved 1048576K
}
Event: 18.304 GC heap before
{Heap before GC invocations=111 (full 7):
 PSYoungGen      total 10752K, used 10310K [0x00000000eab00000, 0x00000000eba00000, 0x0000000100000000)
  eden space 8192K, 100% used [0x00000000eab00000,0x00000000eb300000,0x00000000eb300000)
  from space 2560K, 82% used [0x00000000eb780000,0x00000000eb991af0,0x00000000eba00000)
  to   space 3072K, 0% used [0x00000000eb400000,0x00000000eb400000,0x00000000eb700000)
 ParOldGen       total 184832K, used 165951K [0x00000000c0000000, 0x00000000cb480000, 0x00000000eab00000)
  object space 184832K, 89% used [0x00000000c0000000,0x00000000ca20fd88,0x00000000cb480000)
 Metaspace       used 64242K, committed 65344K, reserved 1114112K
  class space    used 7353K, committed 7808K, reserved 1048576K
}
Event: 18.306 GC heap after
{Heap after GC invocations=111 (full 7):
 PSYoungGen      total 11264K, used 3040K [0x00000000eab00000, 0x00000000ebc00000, 0x0000000100000000)
  eden space 8192K, 0% used [0x00000000eab00000,0x00000000eab00000,0x00000000eb300000)
  from space 3072K, 98% used [0x00000000eb400000,0x00000000eb6f8038,0x00000000eb700000)
  to   space 4608K, 0% used [0x00000000eb780000,0x00000000eb780000,0x00000000ebc00000)
 ParOldGen       total 184832K, used 167116K [0x00000000c0000000, 0x00000000cb480000, 0x00000000eab00000)
  object space 184832K, 90% used [0x00000000c0000000,0x00000000ca333378,0x00000000cb480000)
 Metaspace       used 64242K, committed 65344K, reserved 1114112K
  class space    used 7353K, committed 7808K, reserved 1048576K
}
Event: 18.337 GC heap before
{Heap before GC invocations=112 (full 7):
 PSYoungGen      total 11264K, used 11232K [0x00000000eab00000, 0x00000000ebc00000, 0x0000000100000000)
  eden space 8192K, 100% used [0x00000000eab00000,0x00000000eb300000,0x00000000eb300000)
  from space 3072K, 98% used [0x00000000eb400000,0x00000000eb6f8038,0x00000000eb700000)
  to   space 4608K, 0% used [0x00000000eb780000,0x00000000eb780000,0x00000000ebc00000)
 ParOldGen       total 184832K, used 167116K [0x00000000c0000000, 0x00000000cb480000, 0x00000000eab00000)
  object space 184832K, 90% used [0x00000000c0000000,0x00000000ca333378,0x00000000cb480000)
 Metaspace       used 64242K, committed 65344K, reserved 1114112K
  class space    used 7353K, committed 7808K, reserved 1048576K
}
Event: 18.340 GC heap after
{Heap after GC invocations=112 (full 7):
 PSYoungGen      total 10752K, used 2107K [0x00000000eab00000, 0x00000000eba00000, 0x0000000100000000)
  eden space 8192K, 0% used [0x00000000eab00000,0x00000000eab00000,0x00000000eb300000)
  from space 2560K, 82% used [0x00000000eb780000,0x00000000eb98ee00,0x00000000eba00000)
  to   space 3072K, 0% used [0x00000000eb400000,0x00000000eb400000,0x00000000eb700000)
 ParOldGen       total 184832K, used 170057K [0x00000000c0000000, 0x00000000cb480000, 0x00000000eab00000)
  object space 184832K, 92% used [0x00000000c0000000,0x00000000ca612678,0x00000000cb480000)
 Metaspace       used 64242K, committed 65344K, reserved 1114112K
  class space    used 7353K, committed 7808K, reserved 1048576K
}
Event: 18.370 GC heap before
{Heap before GC invocations=113 (full 7):
 PSYoungGen      total 10752K, used 10299K [0x00000000eab00000, 0x00000000eba00000, 0x0000000100000000)
  eden space 8192K, 100% used [0x00000000eab00000,0x00000000eb300000,0x00000000eb300000)
  from space 2560K, 82% used [0x00000000eb780000,0x00000000eb98ee00,0x00000000eba00000)
  to   space 3072K, 0% used [0x00000000eb400000,0x00000000eb400000,0x00000000eb700000)
 ParOldGen       total 184832K, used 170057K [0x00000000c0000000, 0x00000000cb480000, 0x00000000eab00000)
  object space 184832K, 92% used [0x00000000c0000000,0x00000000ca612678,0x00000000cb480000)
 Metaspace       used 64242K, committed 65344K, reserved 1114112K
  class space    used 7353K, committed 7808K, reserved 1048576K
}
Event: 18.372 GC heap after
{Heap after GC invocations=113 (full 7):
 PSYoungGen      total 11264K, used 3040K [0x00000000eab00000, 0x00000000ebc00000, 0x0000000100000000)
  eden space 8192K, 0% used [0x00000000eab00000,0x00000000eab00000,0x00000000eb300000)
  from space 3072K, 98% used [0x00000000eb400000,0x00000000eb6f80d0,0x00000000eb700000)
  to   space 4608K, 0% used [0x00000000eb780000,0x00000000eb780000,0x00000000ebc00000)
 ParOldGen       total 184832K, used 170971K [0x00000000c0000000, 0x00000000cb480000, 0x00000000eab00000)
  object space 184832K, 92% used [0x00000000c0000000,0x00000000ca6f6e20,0x00000000cb480000)
 Metaspace       used 64242K, committed 65344K, reserved 1114112K
  class space    used 7353K, committed 7808K, reserved 1048576K
}
Event: 18.404 GC heap before
{Heap before GC invocations=114 (full 7):
 PSYoungGen      total 11264K, used 11232K [0x00000000eab00000, 0x00000000ebc00000, 0x0000000100000000)
  eden space 8192K, 100% used [0x00000000eab00000,0x00000000eb300000,0x00000000eb300000)
  from space 3072K, 98% used [0x00000000eb400000,0x00000000eb6f80d0,0x00000000eb700000)
  to   space 4608K, 0% used [0x00000000eb780000,0x00000000eb780000,0x00000000ebc00000)
 ParOldGen       total 184832K, used 170971K [0x00000000c0000000, 0x00000000cb480000, 0x00000000eab00000)
  object space 184832K, 92% used [0x00000000c0000000,0x00000000ca6f6e20,0x00000000cb480000)
 Metaspace       used 64242K, committed 65344K, reserved 1114112K
  class space    used 7353K, committed 7808K, reserved 1048576K
}
Event: 18.409 GC heap after
{Heap after GC invocations=114 (full 7):
 PSYoungGen      total 10752K, used 2150K [0x00000000eab00000, 0x00000000eba00000, 0x0000000100000000)
  eden space 8192K, 0% used [0x00000000eab00000,0x00000000eab00000,0x00000000eb300000)
  from space 2560K, 83% used [0x00000000eb780000,0x00000000eb999920,0x00000000eba00000)
  to   space 3072K, 0% used [0x00000000eb400000,0x00000000eb400000,0x00000000eb700000)
 ParOldGen       total 184832K, used 173965K [0x00000000c0000000, 0x00000000cb480000, 0x00000000eab00000)
  object space 184832K, 94% used [0x00000000c0000000,0x00000000ca9e37a8,0x00000000cb480000)
 Metaspace       used 64242K, committed 65344K, reserved 1114112K
  class space    used 7353K, committed 7808K, reserved 1048576K
}
Event: 18.439 GC heap before
{Heap before GC invocations=115 (full 7):
 PSYoungGen      total 10752K, used 10342K [0x00000000eab00000, 0x00000000eba00000, 0x0000000100000000)
  eden space 8192K, 100% used [0x00000000eab00000,0x00000000eb300000,0x00000000eb300000)
  from space 2560K, 83% used [0x00000000eb780000,0x00000000eb999920,0x00000000eba00000)
  to   space 3072K, 0% used [0x00000000eb400000,0x00000000eb400000,0x00000000eb700000)
 ParOldGen       total 184832K, used 173965K [0x00000000c0000000, 0x00000000cb480000, 0x00000000eab00000)
  object space 184832K, 94% used [0x00000000c0000000,0x00000000ca9e37a8,0x00000000cb480000)
 Metaspace       used 64242K, committed 65344K, reserved 1114112K
  class space    used 7353K, committed 7808K, reserved 1048576K
}
Event: 18.442 GC heap after
{Heap after GC invocations=115 (full 7):
 PSYoungGen      total 11264K, used 3047K [0x00000000eab00000, 0x00000000ebc00000, 0x0000000100000000)
  eden space 8192K, 0% used [0x00000000eab00000,0x00000000eab00000,0x00000000eb300000)
  from space 3072K, 99% used [0x00000000eb400000,0x00000000eb6f9cf8,0x00000000eb700000)
  to   space 4608K, 0% used [0x00000000eb780000,0x00000000eb780000,0x00000000ebc00000)
 ParOldGen       total 184832K, used 174950K [0x00000000c0000000, 0x00000000cb480000, 0x00000000eab00000)
  object space 184832K, 94% used [0x00000000c0000000,0x00000000caad9a38,0x00000000cb480000)
 Metaspace       used 64242K, committed 65344K, reserved 1114112K
  class space    used 7353K, committed 7808K, reserved 1048576K
}
Event: 18.473 GC heap before
{Heap before GC invocations=116 (full 7):
 PSYoungGen      total 11264K, used 11239K [0x00000000eab00000, 0x00000000ebc00000, 0x0000000100000000)
  eden space 8192K, 100% used [0x00000000eab00000,0x00000000eb300000,0x00000000eb300000)
  from space 3072K, 99% used [0x00000000eb400000,0x00000000eb6f9cf8,0x00000000eb700000)
  to   space 4608K, 0% used [0x00000000eb780000,0x00000000eb780000,0x00000000ebc00000)
 ParOldGen       total 184832K, used 174950K [0x00000000c0000000, 0x00000000cb480000, 0x00000000eab00000)
  object space 184832K, 94% used [0x00000000c0000000,0x00000000caad9a38,0x00000000cb480000)
 Metaspace       used 64242K, committed 65344K, reserved 1114112K
  class space    used 7353K, committed 7808K, reserved 1048576K
}
Event: 18.477 GC heap after
{Heap after GC invocations=116 (full 7):
 PSYoungGen      total 11776K, used 1978K [0x00000000eab00000, 0x00000000eba00000, 0x0000000100000000)
  eden space 9216K, 0% used [0x00000000eab00000,0x00000000eab00000,0x00000000eb400000)
  from space 2560K, 77% used [0x00000000eb780000,0x00000000eb96ea10,0x00000000eba00000)
  to   space 3072K, 0% used [0x00000000eb400000,0x00000000eb400000,0x00000000eb700000)
 ParOldGen       total 184832K, used 177919K [0x00000000c0000000, 0x00000000cb480000, 0x00000000eab00000)
  object space 184832K, 96% used [0x00000000c0000000,0x00000000cadbfcf0,0x00000000cb480000)
 Metaspace       used 64242K, committed 65344K, reserved 1114112K
  class space    used 7353K, committed 7808K, reserved 1048576K
}
Event: 18.519 GC heap before
{Heap before GC invocations=117 (full 7):
 PSYoungGen      total 11776K, used 11194K [0x00000000eab00000, 0x00000000eba00000, 0x0000000100000000)
  eden space 9216K, 100% used [0x00000000eab00000,0x00000000eb400000,0x00000000eb400000)
  from space 2560K, 77% used [0x00000000eb780000,0x00000000eb96ea10,0x00000000eba00000)
  to   space 3072K, 0% used [0x00000000eb400000,0x00000000eb400000,0x00000000eb700000)
 ParOldGen       total 184832K, used 177919K [0x00000000c0000000, 0x00000000cb480000, 0x00000000eab00000)
  object space 184832K, 96% used [0x00000000c0000000,0x00000000cadbfcf0,0x00000000cb480000)
 Metaspace       used 64242K, committed 65344K, reserved 1114112K
  class space    used 7353K, committed 7808K, reserved 1048576K
}
Event: 18.523 GC heap after
{Heap after GC invocations=117 (full 7):
 PSYoungGen      total 12288K, used 3060K [0x00000000eab00000, 0x00000000ebd00000, 0x0000000100000000)
  eden space 9216K, 0% used [0x00000000eab00000,0x00000000eab00000,0x00000000eb400000)
  from space 3072K, 99% used [0x00000000eb400000,0x00000000eb6fd0e0,0x00000000eb700000)
  to   space 4608K, 0% used [0x00000000eb880000,0x00000000eb880000,0x00000000ebd00000)
 ParOldGen       total 184832K, used 178887K [0x00000000c0000000, 0x00000000cb480000, 0x00000000eab00000)
  object space 184832K, 96% used [0x00000000c0000000,0x00000000caeb1d60,0x00000000cb480000)
 Metaspace       used 64242K, committed 65344K, reserved 1114112K
  class space    used 7353K, committed 7808K, reserved 1048576K
}
Event: 18.638 GC heap before
{Heap before GC invocations=118 (full 7):
 PSYoungGen      total 12288K, used 12276K [0x00000000eab00000, 0x00000000ebd00000, 0x0000000100000000)
  eden space 9216K, 100% used [0x00000000eab00000,0x00000000eb400000,0x00000000eb400000)
  from space 3072K, 99% used [0x00000000eb400000,0x00000000eb6fd0e0,0x00000000eb700000)
  to   space 4608K, 0% used [0x00000000eb880000,0x00000000eb880000,0x00000000ebd00000)
 ParOldGen       total 184832K, used 178887K [0x00000000c0000000, 0x00000000cb480000, 0x00000000eab00000)
  object space 184832K, 96% used [0x00000000c0000000,0x00000000caeb1d60,0x00000000cb480000)
 Metaspace       used 64242K, committed 65344K, reserved 1114112K
  class space    used 7353K, committed 7808K, reserved 1048576K
}
Event: 18.648 GC heap after
{Heap after GC invocations=118 (full 7):
 PSYoungGen      total 9728K, used 4596K [0x00000000eab00000, 0x00000000ec500000, 0x0000000100000000)
  eden space 5120K, 0% used [0x00000000eab00000,0x00000000eab00000,0x00000000eb000000)
  from space 4608K, 99% used [0x00000000eb880000,0x00000000ebcfd0e0,0x00000000ebd00000)
  to   space 8704K, 0% used [0x00000000eb000000,0x00000000eb000000,0x00000000eb880000)
 ParOldGen       total 184832K, used 182161K [0x00000000c0000000, 0x00000000cb480000, 0x00000000eab00000)
  object space 184832K, 98% used [0x00000000c0000000,0x00000000cb1e4788,0x00000000cb480000)
 Metaspace       used 64242K, committed 65344K, reserved 1114112K
  class space    used 7353K, committed 7808K, reserved 1048576K
}
Event: 18.648 GC heap before
{Heap before GC invocations=119 (full 8):
 PSYoungGen      total 9728K, used 4596K [0x00000000eab00000, 0x00000000ec500000, 0x0000000100000000)
  eden space 5120K, 0% used [0x00000000eab00000,0x00000000eab00000,0x00000000eb000000)
  from space 4608K, 99% used [0x00000000eb880000,0x00000000ebcfd0e0,0x00000000ebd00000)
  to   space 8704K, 0% used [0x00000000eb000000,0x00000000eb000000,0x00000000eb880000)
 ParOldGen       total 184832K, used 182161K [0x00000000c0000000, 0x00000000cb480000, 0x00000000eab00000)
  object space 184832K, 98% used [0x00000000c0000000,0x00000000cb1e4788,0x00000000cb480000)
 Metaspace       used 64242K, committed 65344K, reserved 1114112K
  class space    used 7353K, committed 7808K, reserved 1048576K
}

