# JRE version: Java(TM) SE Runtime Environment (11.0.6+8) (build 11.0.6+8-LTS)
# Java VM: Java HotSpot(TM) 64-Bit Server VM (11.0.6+8-LTS, mixed mode, tiered, compressed oops, g1 gc, windows-amd64)
Heap:
 garbage-first heap   total 131072K, used 103352K [0x0000000080000000, 0x0000000100000000)
  region size 1024K, 45 young (46080K), 6 survivors (6144K)
 Metaspace       used 76764K, capacity 79596K, committed 79696K, reserved 585728K
  class space    used 10268K, capacity 11406K, committed 11424K, reserved 516096K
GC Heap History (10 events):
Event: 22.918 GC heap before
{Heap before GC invocations=14 (full 0):
 garbage-first heap   total 131072K, used 113337K [0x0000000080000000, 0x0000000100000000)
  region size 1024K, 66 young (67584K), 7 survivors (7168K)
 Metaspace       used 62834K, capacity 65079K, committed 65232K, reserved 573440K
  class space    used 8359K, capacity 9209K, committed 9248K, reserved 516096K
}
Event: 22.927 GC heap after
{Heap after GC invocations=15 (full 0):
 garbage-first heap   total 131072K, used 56911K [0x0000000080000000, 0x0000000100000000)
  region size 1024K, 9 young (9216K), 9 survivors (9216K)
 Metaspace       used 62834K, capacity 65079K, committed 65232K, reserved 573440K
  class space    used 8359K, capacity 9209K, committed 9248K, reserved 516096K
}
Event: 23.408 GC heap before
{Heap before GC invocations=15 (full 0):
 garbage-first heap   total 131072K, used 106063K [0x0000000080000000, 0x0000000100000000)
  region size 1024K, 57 young (58368K), 9 survivors (9216K)
 Metaspace       used 66086K, capacity 68343K, committed 68560K, reserved 575488K
  class space    used 8769K, capacity 9657K, committed 9760K, reserved 516096K
}
Event: 23.417 GC heap after
{Heap after GC invocations=16 (full 0):
 garbage-first heap   total 131072K, used 58778K [0x0000000080000000, 0x0000000100000000)
  region size 1024K, 7 young (7168K), 7 survivors (7168K)
 Metaspace       used 66086K, capacity 68343K, committed 68560K, reserved 575488K
  class space    used 8769K, capacity 9657K, committed 9760K, reserved 516096K
}
Event: 24.184 GC heap before
{Heap before GC invocations=16 (full 0):
 garbage-first heap   total 131072K, used 105882K [0x0000000080000000, 0x0000000100000000)
  region size 1024K, 53 young (54272K), 7 survivors (7168K)
 Metaspace       used 69421K, capacity 71761K, committed 71888K, reserved 579584K
  class space    used 9316K, capacity 10265K, committed 10272K, reserved 516096K
}
Event: 24.190 GC heap after
{Heap after GC invocations=17 (full 0):
 garbage-first heap   total 131072K, used 60540K [0x0000000080000000, 0x0000000100000000)
  region size 1024K, 4 young (4096K), 4 survivors (4096K)
 Metaspace       used 69421K, capacity 71761K, committed 71888K, reserved 579584K
  class space    used 9316K, capacity 10265K, committed 10272K, reserved 516096K
}
Event: 25.041 GC heap before
{Heap before GC invocations=17 (full 0):
 garbage-first heap   total 131072K, used 107644K [0x0000000080000000, 0x0000000100000000)
  region size 1024K, 51 young (52224K), 4 survivors (4096K)
 Metaspace       used 72276K, capacity 74762K, committed 74832K, reserved 581632K
  class space    used 9687K, capacity 10638K, committed 10656K, reserved 516096K
}
Event: 25.046 GC heap after
{Heap after GC invocations=18 (full 0):
 garbage-first heap   total 131072K, used 61432K [0x0000000080000000, 0x0000000100000000)
  region size 1024K, 5 young (5120K), 5 survivors (5120K)
 Metaspace       used 72276K, capacity 74762K, committed 74832K, reserved 581632K
  class space    used 9687K, capacity 10638K, committed 10656K, reserved 516096K
}
Event: 26.367 GC heap before
{Heap before GC invocations=18 (full 0):
 garbage-first heap   total 131072K, used 107512K [0x0000000080000000, 0x0000000100000000)
  region size 1024K, 51 young (52224K), 5 survivors (5120K)
 Metaspace       used 74285K, capacity 77033K, committed 77136K, reserved 583680K
  class space    used 9951K, capacity 11080K, committed 11168K, reserved 516096K
}
Event: 26.375 GC heap after
{Heap after GC invocations=19 (full 0):
 garbage-first heap   total 131072K, used 64440K [0x0000000080000000, 0x0000000100000000)
  region size 1024K, 6 young (6144K), 6 survivors (6144K)
 Metaspace       used 74285K, capacity 77033K, committed 77136K, reserved 583680K
  class space    used 9951K, capacity 11080K, committed 11168K, reserved 516096K
}

