# JRE version: Java(TM) SE Runtime Environment (17.0.5+9) (build 17.0.5+9-LTS-191)
# Java VM: Java HotSpot(TM) 64-Bit Server VM (17.0.5+9-LTS-191, mixed mode, sharing, tiered, compressed oops, compressed class ptrs, g1 gc, windows-amd64)
GC Precious Log:
 CPUs: 8 total, 8 available
 Memory: 8078M
 Large Page Support: Disabled
 NUMA Support: Disabled
 Compressed Oops: Enabled (32-bit)
 Heap Region Size: 1M
 Heap Min Capacity: 8M
 Heap Initial Capacity: 128M
 Heap Max Capacity: 2G
 Pre-touch: Disabled
 Parallel Workers: 8
 Concurrent Workers: 2
 Concurrent Refinement Workers: 8
 Periodic GC: Disabled
Heap:
 garbage-first heap   total 240640K, used 197416K [0x0000000080000000, 0x0000000100000000)
  region size 1024K, 34 young (34816K), 4 survivors (4096K)
 Metaspace       used 105057K, committed 106112K, reserved 520192K
  class space    used 14668K, committed 15168K, reserved 421888K
GC Heap History (20 events):
Event: 40.756 GC heap before
{Heap before GC invocations=53 (full 0):
 garbage-first heap   total 240640K, used 195118K [0x0000000080000000, 0x0000000100000000)
  region size 1024K, 61 young (62464K), 7 survivors (7168K)
 Metaspace       used 102341K, committed 103360K, reserved 512000K
  class space    used 14373K, committed 14848K, reserved 421888K
}
Event: 40.767 GC heap after
{Heap after GC invocations=54 (full 0):
 garbage-first heap   total 240640K, used 145033K [0x0000000080000000, 0x0000000100000000)
  region size 1024K, 6 young (6144K), 6 survivors (6144K)
 Metaspace       used 102341K, committed 103360K, reserved 512000K
  class space    used 14373K, committed 14848K, reserved 421888K
}
Event: 41.311 GC heap before
{Heap before GC invocations=54 (full 0):
 garbage-first heap   total 240640K, used 198281K [0x0000000080000000, 0x0000000100000000)
  region size 1024K, 58 young (59392K), 6 survivors (6144K)
 Metaspace       used 103563K, committed 104576K, reserved 512000K
  class space    used 14516K, committed 15040K, reserved 421888K
}
Event: 41.320 GC heap after
{Heap after GC invocations=55 (full 0):
 garbage-first heap   total 240640K, used 150323K [0x0000000080000000, 0x0000000100000000)
  region size 1024K, 6 young (6144K), 6 survivors (6144K)
 Metaspace       used 103563K, committed 104576K, reserved 512000K
  class space    used 14516K, committed 15040K, reserved 421888K
}
Event: 41.740 GC heap before
{Heap before GC invocations=55 (full 0):
 garbage-first heap   total 240640K, used 198451K [0x0000000080000000, 0x0000000100000000)
  region size 1024K, 54 young (55296K), 6 survivors (6144K)
 Metaspace       used 104122K, committed 105152K, reserved 520192K
  class space    used 14573K, committed 15104K, reserved 421888K
}
Event: 41.749 GC heap after
{Heap after GC invocations=56 (full 0):
 garbage-first heap   total 240640K, used 154163K [0x0000000080000000, 0x0000000100000000)
  region size 1024K, 4 young (4096K), 4 survivors (4096K)
 Metaspace       used 104122K, committed 105152K, reserved 520192K
  class space    used 14573K, committed 15104K, reserved 421888K
}
Event: 42.187 GC heap before
{Heap before GC invocations=56 (full 0):
 garbage-first heap   total 240640K, used 201267K [0x0000000080000000, 0x0000000100000000)
  region size 1024K, 51 young (52224K), 4 survivors (4096K)
 Metaspace       used 104394K, committed 105408K, reserved 520192K
  class space    used 14607K, committed 15104K, reserved 421888K
}
Event: 42.195 GC heap after
{Heap after GC invocations=57 (full 0):
 garbage-first heap   total 240640K, used 155917K [0x0000000080000000, 0x0000000100000000)
  region size 1024K, 6 young (6144K), 6 survivors (6144K)
 Metaspace       used 104394K, committed 105408K, reserved 520192K
  class space    used 14607K, committed 15104K, reserved 421888K
}
Event: 43.078 GC heap before
{Heap before GC invocations=57 (full 0):
 garbage-first heap   total 240640K, used 203021K [0x0000000080000000, 0x0000000100000000)
  region size 1024K, 53 young (54272K), 6 survivors (6144K)
 Metaspace       used 104402K, committed 105472K, reserved 520192K
  class space    used 14607K, committed 15104K, reserved 421888K
}
Event: 43.088 GC heap after
{Heap after GC invocations=58 (full 0):
 garbage-first heap   total 240640K, used 158544K [0x0000000080000000, 0x0000000100000000)
  region size 1024K, 5 young (5120K), 5 survivors (5120K)
 Metaspace       used 104402K, committed 105472K, reserved 520192K
  class space    used 14607K, committed 15104K, reserved 421888K
}
Event: 43.745 GC heap before
{Heap before GC invocations=58 (full 0):
 garbage-first heap   total 240640K, used 204624K [0x0000000080000000, 0x0000000100000000)
  region size 1024K, 51 young (52224K), 5 survivors (5120K)
 Metaspace       used 104450K, committed 105472K, reserved 520192K
  class space    used 14611K, committed 15104K, reserved 421888K
}
Event: 43.752 GC heap after
{Heap after GC invocations=59 (full 0):
 garbage-first heap   total 240640K, used 161128K [0x0000000080000000, 0x0000000100000000)
  region size 1024K, 6 young (6144K), 6 survivors (6144K)
 Metaspace       used 104450K, committed 105472K, reserved 520192K
  class space    used 14611K, committed 15104K, reserved 421888K
}
Event: 44.424 GC heap before
{Heap before GC invocations=59 (full 0):
 garbage-first heap   total 240640K, used 204136K [0x0000000080000000, 0x0000000100000000)
  region size 1024K, 49 young (50176K), 6 survivors (6144K)
 Metaspace       used 104646K, committed 105728K, reserved 520192K
  class space    used 14629K, committed 15168K, reserved 421888K
}
Event: 44.430 GC heap after
{Heap after GC invocations=60 (full 0):
 garbage-first heap   total 240640K, used 163865K [0x0000000080000000, 0x0000000100000000)
  region size 1024K, 6 young (6144K), 6 survivors (6144K)
 Metaspace       used 104646K, committed 105728K, reserved 520192K
  class space    used 14629K, committed 15168K, reserved 421888K
}
Event: 44.709 GC heap before
{Heap before GC invocations=60 (full 0):
 garbage-first heap   total 240640K, used 204825K [0x0000000080000000, 0x0000000100000000)
  region size 1024K, 47 young (48128K), 6 survivors (6144K)
 Metaspace       used 104757K, committed 105856K, reserved 520192K
  class space    used 14638K, committed 15168K, reserved 421888K
}
Event: 44.716 GC heap after
{Heap after GC invocations=61 (full 0):
 garbage-first heap   total 240640K, used 165550K [0x0000000080000000, 0x0000000100000000)
  region size 1024K, 5 young (5120K), 5 survivors (5120K)
 Metaspace       used 104757K, committed 105856K, reserved 520192K
  class space    used 14638K, committed 15168K, reserved 421888K
}
Event: 45.077 GC heap before
{Heap before GC invocations=61 (full 0):
 garbage-first heap   total 240640K, used 206510K [0x0000000080000000, 0x0000000100000000)
  region size 1024K, 46 young (47104K), 5 survivors (5120K)
 Metaspace       used 104997K, committed 106048K, reserved 520192K
  class space    used 14665K, committed 15168K, reserved 421888K
}
Event: 45.084 GC heap after
{Heap after GC invocations=62 (full 0):
 garbage-first heap   total 240640K, used 167154K [0x0000000080000000, 0x0000000100000000)
  region size 1024K, 4 young (4096K), 4 survivors (4096K)
 Metaspace       used 104997K, committed 106048K, reserved 520192K
  class space    used 14665K, committed 15168K, reserved 421888K
}
Event: 45.383 GC heap before
{Heap before GC invocations=62 (full 0):
 garbage-first heap   total 240640K, used 207090K [0x0000000080000000, 0x0000000100000000)
  region size 1024K, 44 young (45056K), 4 survivors (4096K)
 Metaspace       used 105017K, committed 106048K, reserved 520192K
  class space    used 14665K, committed 15168K, reserved 421888K
}
Event: 45.397 GC heap after
{Heap after GC invocations=63 (full 0):
 garbage-first heap   total 240640K, used 168744K [0x0000000080000000, 0x0000000100000000)
  region size 1024K, 4 young (4096K), 4 survivors (4096K)
 Metaspace       used 105017K, committed 106048K, reserved 520192K
  class space    used 14665K, committed 15168K, reserved 421888K
}

